2025-09-17 21:20:25,004 - INFO - Starting Citizenry product scraper
2025-09-17 21:20:25,005 - INFO - Starting product URL discovery...
2025-09-17 21:20:25,006 - INFO - Scraping collection: https://www.the-citizenry.com/collections/all
2025-09-17 21:20:45,572 - INFO - Found 134 products in https://www.the-citizenry.com/collections/all
2025-09-17 21:20:46,573 - INFO - Scraping collection: https://www.the-citizenry.com/collections/accents
2025-09-17 21:20:55,307 - INFO - Found 14 products in https://www.the-citizenry.com/collections/accents
2025-09-17 21:20:56,309 - INFO - Scraping collection: https://www.the-citizenry.com/collections/baskets
2025-09-17 21:21:15,212 - INFO - Found 14 products in https://www.the-citizenry.com/collections/baskets
2025-09-17 21:21:16,213 - INFO - Scraping collection: https://www.the-citizenry.com/collections/bedding
2025-09-17 21:22:17,924 - INFO - Scraping collection: https://www.the-citizenry.com/collections/furniture
2025-09-17 21:22:28,165 - INFO - Found 13 products in https://www.the-citizenry.com/collections/furniture
2025-09-17 21:22:29,167 - INFO - Scraping collection: https://www.the-citizenry.com/collections/lighting
2025-09-17 21:22:36,270 - INFO - Found 0 products in https://www.the-citizenry.com/collections/lighting
2025-09-17 21:22:37,271 - INFO - Scraping collection: https://www.the-citizenry.com/collections/rugs
2025-09-17 21:22:46,778 - INFO - Found 20 products in https://www.the-citizenry.com/collections/rugs
2025-09-17 21:22:47,780 - INFO - Scraping collection: https://www.the-citizenry.com/collections/pillows
2025-09-17 21:22:56,678 - INFO - Found 20 products in https://www.the-citizenry.com/collections/pillows
2025-09-17 21:22:57,679 - INFO - Scraping collection: https://www.the-citizenry.com/collections/throws
2025-09-17 21:24:57,754 - ERROR - Request failed: HTTPSConnectionPool(host='api.firecrawl.dev', port=443): Read timed out. (read timeout=120). Waiting 30 seconds.
2025-09-17 21:26:29,598 - INFO - Scraping collection: https://www.the-citizenry.com/collections/tabletop
2025-09-17 21:26:40,806 - INFO - Found 0 products in https://www.the-citizenry.com/collections/tabletop
2025-09-17 21:26:41,808 - INFO - Scraping collection: https://www.the-citizenry.com/collections/wall-art
2025-09-17 21:27:43,270 - INFO - Scraping collection: https://www.the-citizenry.com/collections/mirrors
2025-09-17 21:28:44,761 - INFO - Discovered 182 unique product URLs from all collections
2025-09-17 21:28:44,761 - INFO - Final count after deduplication: 96
2025-09-17 21:28:44,763 - INFO - Found 96 products to scrape
2025-09-17 21:28:44,763 - INFO - Processing product 1/96
2025-09-17 21:28:44,764 - INFO - Scraping product: https://www.the-citizenry.com/collections/all/products/naveta-velvet-pillow
2025-09-17 21:29:45,287 - ERROR - Failed to scrape https://www.the-citizenry.com/collections/all/products/naveta-velvet-pillow
2025-09-17 21:29:45,289 - WARNING - Failed to scrape: https://www.the-citizenry.com/collections/all/products/naveta-velvet-pillow
2025-09-17 21:29:47,290 - INFO - Processing product 2/96
2025-09-17 21:29:47,290 - INFO - Scraping product: https://www.the-citizenry.com/collections/all/products/organic-stonewashed-sheet-set
2025-09-17 21:30:14,202 - INFO - Downloaded image: citizenry_data\images\Stonewashed_Organic_Cotton_Percale_Sheet_Set.jpg
2025-09-17 21:30:14,204 - INFO - Successfully scraped: Stonewashed Organic Cotton Percale Sheet Set
2025-09-17 21:30:16,205 - INFO - Processing product 3/96
2025-09-17 21:30:16,205 - INFO - Scraping product: https://www.the-citizenry.com/collections/all/products/torres-leather-ottoman-multiple-sizes
2025-09-17 21:30:34,636 - INFO - Downloaded image: citizenry_data\images\Torres_Round_Leather_Ottoman_Medium_Large.jpg
2025-09-17 21:30:34,637 - INFO - Successfully scraped: Torres Round Leather Ottoman - Medium & Large
2025-09-17 21:30:36,638 - INFO - Processing product 4/96
2025-09-17 21:30:36,638 - INFO - Scraping product: https://www.the-citizenry.com/collections/all/products/stonewashed-linen-shams
2025-09-17 21:31:37,442 - ERROR - Failed to scrape https://www.the-citizenry.com/collections/all/products/stonewashed-linen-shams
2025-09-17 21:31:37,445 - WARNING - Failed to scrape: https://www.the-citizenry.com/collections/all/products/stonewashed-linen-shams
2025-09-17 21:31:39,447 - INFO - Processing product 5/96
2025-09-17 21:31:39,448 - INFO - Scraping product: https://www.the-citizenry.com/products/sitara-glass-vase
2025-09-17 21:32:40,026 - ERROR - Failed to scrape https://www.the-citizenry.com/products/sitara-glass-vase
2025-09-17 21:32:40,029 - WARNING - Failed to scrape: https://www.the-citizenry.com/products/sitara-glass-vase
2025-09-17 21:32:42,031 - INFO - Processing product 6/96
2025-09-17 21:32:42,031 - INFO - Scraping product: https://www.the-citizenry.com/collections/all/products/aegean-cotton-bath-towels
2025-09-17 21:33:02,562 - INFO - Downloaded image: citizenry_data\images\Aegean_Cotton_Bath_Towels.jpg
2025-09-17 21:33:02,563 - INFO - Successfully scraped: Aegean Cotton Bath Towels
2025-09-17 21:33:04,564 - INFO - Processing product 7/96
2025-09-17 21:33:04,564 - INFO - Scraping product: https://www.the-citizenry.com/collections/all/products/la-brisa-throw
2025-09-17 21:34:05,052 - ERROR - Failed to scrape https://www.the-citizenry.com/collections/all/products/la-brisa-throw
2025-09-17 21:34:05,055 - WARNING - Failed to scrape: https://www.the-citizenry.com/collections/all/products/la-brisa-throw
2025-09-17 21:34:07,058 - INFO - Processing product 8/96
2025-09-17 21:34:07,059 - INFO - Scraping product: https://www.the-citizenry.com/collections/all/products/imabari-waffle-towels
2025-09-17 21:35:12,044 - ERROR - Failed to scrape https://www.the-citizenry.com/collections/all/products/imabari-waffle-towels
2025-09-17 21:35:12,047 - WARNING - Failed to scrape: https://www.the-citizenry.com/collections/all/products/imabari-waffle-towels
2025-09-17 21:35:14,048 - INFO - Processing product 9/96
2025-09-17 21:35:14,049 - INFO - Scraping product: https://www.the-citizenry.com/collections/all/products/cascada-throw
2025-09-17 21:35:49,080 - INFO - Downloaded image: citizenry_data\images\Cascada_Alpaca_Throw.jpg
2025-09-17 21:35:49,082 - INFO - Successfully scraped: Cascada Alpaca Throw
2025-09-17 21:35:51,083 - INFO - Processing product 10/96
2025-09-17 21:35:51,083 - INFO - Scraping product: https://www.the-citizenry.com/collections/all/products/stonewashed-linen-duvet-covers
2025-09-17 21:36:51,885 - ERROR - Failed to scrape https://www.the-citizenry.com/collections/all/products/stonewashed-linen-duvet-covers
2025-09-17 21:36:51,888 - WARNING - Failed to scrape: https://www.the-citizenry.com/collections/all/products/stonewashed-linen-duvet-covers
2025-09-17 21:36:53,889 - INFO - Processing product 11/96
2025-09-17 21:36:53,889 - INFO - Scraping product: https://www.the-citizenry.com/collections/all/products/mercado-storage-basket
2025-09-17 21:37:54,358 - ERROR - Failed to scrape https://www.the-citizenry.com/collections/all/products/mercado-storage-basket
2025-09-17 21:37:54,361 - WARNING - Failed to scrape: https://www.the-citizenry.com/collections/all/products/mercado-storage-basket
2025-09-17 21:37:56,363 - INFO - Processing product 12/96
2025-09-17 21:37:56,364 - INFO - Scraping product: https://www.the-citizenry.com/products/eshana-sandstone-bowl
2025-09-17 21:38:56,921 - ERROR - Failed to scrape https://www.the-citizenry.com/products/eshana-sandstone-bowl
2025-09-17 21:38:56,923 - WARNING - Failed to scrape: https://www.the-citizenry.com/products/eshana-sandstone-bowl
2025-09-17 21:38:58,924 - INFO - Processing product 13/96
2025-09-17 21:38:58,924 - INFO - Scraping product: https://www.the-citizenry.com/collections/all/products/prisha-linen-pillow
2025-09-17 21:39:59,407 - ERROR - Failed to scrape https://www.the-citizenry.com/collections/all/products/prisha-linen-pillow
2025-09-17 21:39:59,407 - WARNING - Failed to scrape: https://www.the-citizenry.com/collections/all/products/prisha-linen-pillow
2025-09-17 21:40:01,408 - INFO - Processing product 14/96
2025-09-17 21:40:01,408 - INFO - Scraping product: https://www.the-citizenry.com/collections/all/products/contigo-lumbar-pillow-sand
2025-09-17 21:40:15,830 - INFO - Downloaded image: citizenry_data\images\Contigo_Lumbar_Pillow.jpg
2025-09-17 21:40:15,835 - INFO - Successfully scraped: Contigo Lumbar Pillow
2025-09-17 21:40:17,837 - INFO - Processing product 15/96
2025-09-17 21:40:17,837 - INFO - Scraping product: https://www.the-citizenry.com/products/azad-low-leather-storage-bin
2025-09-17 21:40:31,919 - INFO - Downloaded image: citizenry_data\images\Azad_Low_Leather_Storage_Bin.jpg
2025-09-17 21:40:31,920 - INFO - Successfully scraped: Azad Low Leather Storage Bin
2025-09-17 21:40:33,921 - INFO - Processing product 16/96
2025-09-17 21:40:33,921 - INFO - Scraping product: https://www.the-citizenry.com/collections/all/products/gift-card
2025-09-17 21:40:45,372 - INFO - Downloaded image: citizenry_data\images\The_Citizenry_Digital_Gift_Voucher.jpg
2025-09-17 21:40:45,373 - INFO - Successfully scraped: The Citizenry Digital Gift Voucher
2025-09-17 21:40:47,374 - INFO - Processing product 17/96
2025-09-17 21:40:47,375 - INFO - Scraping product: https://www.the-citizenry.com/collections/all/products/organic-cotton-gauze-duvet-set
2025-09-17 21:41:03,169 - INFO - Downloaded image: citizenry_data\images\Organic_Cotton_Gauze_Duvet_Set.jpg
2025-09-17 21:41:03,170 - INFO - Successfully scraped: Organic Cotton Gauze Duvet Set
2025-09-17 21:41:05,171 - INFO - Processing product 18/96
2025-09-17 21:41:05,171 - INFO - Scraping product: https://www.the-citizenry.com/products/stonewashed-linen-bed-sets
2025-09-17 21:42:05,926 - ERROR - Failed to scrape https://www.the-citizenry.com/products/stonewashed-linen-bed-sets
2025-09-17 21:42:05,928 - WARNING - Failed to scrape: https://www.the-citizenry.com/products/stonewashed-linen-bed-sets
2025-09-17 21:42:07,930 - INFO - Processing product 19/96
2025-09-17 21:42:07,931 - INFO - Scraping product: https://www.the-citizenry.com/products/prisha-linen-pillow-1
2025-09-17 21:43:08,247 - ERROR - Failed to scrape https://www.the-citizenry.com/products/prisha-linen-pillow-1
2025-09-17 21:43:08,250 - WARNING - Failed to scrape: https://www.the-citizenry.com/products/prisha-linen-pillow-1
2025-09-17 21:43:10,251 - INFO - Processing product 20/96
2025-09-17 21:43:10,252 - INFO - Scraping product: https://www.the-citizenry.com/collections/all/products/linen-bedding-swatches
2025-09-17 21:44:10,799 - ERROR - Failed to scrape https://www.the-citizenry.com/collections/all/products/linen-bedding-swatches
2025-09-17 21:44:10,801 - WARNING - Failed to scrape: https://www.the-citizenry.com/collections/all/products/linen-bedding-swatches
2025-09-17 21:44:12,803 - INFO - Processing product 21/96
2025-09-17 21:44:12,805 - INFO - Scraping product: https://www.the-citizenry.com/collections/all/products/baya-lumbar-pillow
2025-09-17 21:45:13,294 - ERROR - Failed to scrape https://www.the-citizenry.com/collections/all/products/baya-lumbar-pillow
2025-09-17 21:45:13,296 - WARNING - Failed to scrape: https://www.the-citizenry.com/collections/all/products/baya-lumbar-pillow
2025-09-17 21:45:15,298 - INFO - Processing product 22/96
2025-09-17 21:45:15,298 - INFO - Scraping product: https://www.the-citizenry.com/products/rivi-storage-basket
2025-09-17 21:45:56,300 - INFO - Downloaded image: citizenry_data\images\Rivi_Storage_Basket.jpg
2025-09-17 21:45:56,302 - INFO - Successfully scraped: Rivi Storage Basket
2025-09-17 21:45:58,303 - INFO - Processing product 23/96
2025-09-17 21:45:58,304 - INFO - Scraping product: https://www.the-citizenry.com/collections/all/products/organic-cotton-gauze-bed-blanket
2025-09-17 21:46:58,642 - ERROR - Failed to scrape https://www.the-citizenry.com/collections/all/products/organic-cotton-gauze-bed-blanket
2025-09-17 21:46:58,645 - WARNING - Failed to scrape: https://www.the-citizenry.com/collections/all/products/organic-cotton-gauze-bed-blanket
2025-09-17 21:47:00,648 - INFO - Processing product 24/96
2025-09-17 21:47:00,648 - INFO - Scraping product: https://www.the-citizenry.com/collections/all/products/organic-cotton-quilt
2025-09-17 21:47:21,376 - INFO - Downloaded image: citizenry_data\images\Organic_Cotton_Gauze_Quilt.jpg
2025-09-17 21:47:21,377 - INFO - Successfully scraped: Organic Cotton Gauze Quilt
2025-09-17 21:47:23,379 - INFO - Processing product 25/96
2025-09-17 21:47:23,380 - INFO - Scraping product: https://www.the-citizenry.com/collections/all/products/azad-tall-leather-storage-bins
2025-09-17 21:48:23,908 - ERROR - Failed to scrape https://www.the-citizenry.com/collections/all/products/azad-tall-leather-storage-bins
2025-09-17 21:48:23,911 - WARNING - Failed to scrape: https://www.the-citizenry.com/collections/all/products/azad-tall-leather-storage-bins
2025-09-17 21:48:25,913 - INFO - Processing product 26/96
2025-09-17 21:48:25,914 - INFO - Scraping product: https://www.the-citizenry.com/products/stonewashed-linen-quilt
2025-09-17 21:49:26,428 - ERROR - Failed to scrape https://www.the-citizenry.com/products/stonewashed-linen-quilt
2025-09-17 21:49:26,428 - WARNING - Failed to scrape: https://www.the-citizenry.com/products/stonewashed-linen-quilt
2025-09-17 21:49:28,429 - INFO - Processing product 27/96
2025-09-17 21:49:28,429 - INFO - Scraping product: https://www.the-citizenry.com/products/padma-rectangle-storage-baskets
2025-09-17 21:49:41,169 - INFO - Downloaded image: citizenry_data\images\Padma_Rectangle_Storage_Baskets.jpg
2025-09-17 21:49:41,170 - INFO - Successfully scraped: Padma Rectangle Storage Baskets
2025-09-17 21:49:43,171 - INFO - Processing product 28/96
2025-09-17 21:49:43,171 - INFO - Scraping product: https://www.the-citizenry.com/collections/all/products/nevado-alpaca-throw-blanket
2025-09-17 21:49:55,635 - INFO - Downloaded image: citizenry_data\images\Nevado_Alpaca_Throw.jpg
2025-09-17 21:49:55,638 - INFO - Successfully scraped: Nevado Alpaca Throw
2025-09-17 21:49:57,638 - INFO - Processing product 29/96
2025-09-17 21:49:57,638 - INFO - Scraping product: https://www.the-citizenry.com/products/totora-storage-basket
2025-09-17 21:50:16,407 - INFO - Downloaded image: citizenry_data\images\Totora_Storage_Basket.jpg
2025-09-17 21:50:16,408 - INFO - Successfully scraped: Totora Storage Basket
2025-09-17 21:50:18,409 - INFO - Processing product 30/96
2025-09-17 21:50:18,409 - INFO - Scraping product: https://www.the-citizenry.com/collections/all/products/aurora-alpaca-throw
2025-09-17 21:50:31,912 - INFO - Downloaded image: citizenry_data\images\Aurora_Alpaca_Throw.jpg
2025-09-17 21:50:31,913 - INFO - Successfully scraped: Aurora Alpaca Throw
2025-09-17 21:50:33,915 - INFO - Processing product 31/96
2025-09-17 21:50:33,915 - INFO - Scraping product: https://www.the-citizenry.com/collections/all/products/hinoki-wood-floor-mirror
2025-09-17 21:51:34,220 - ERROR - Failed to scrape https://www.the-citizenry.com/collections/all/products/hinoki-wood-floor-mirror
2025-09-17 21:51:34,222 - WARNING - Failed to scrape: https://www.the-citizenry.com/collections/all/products/hinoki-wood-floor-mirror
2025-09-17 21:51:36,224 - INFO - Processing product 32/96
2025-09-17 21:51:36,225 - INFO - Scraping product: https://www.the-citizenry.com/products/stonewashed-linen-sheet-sets
2025-09-17 21:52:03,291 - INFO - Downloaded image: citizenry_data\images\Stonewashed_Linen_Sheet_Set.jpg
2025-09-17 21:52:03,292 - INFO - Successfully scraped: Stonewashed Linen Sheet Set
2025-09-17 21:52:05,293 - INFO - Processing product 33/96
2025-09-17 21:52:05,294 - INFO - Scraping product: https://www.the-citizenry.com/products/lalita-wool-area-rug
2025-09-17 21:53:06,046 - ERROR - Failed to scrape https://www.the-citizenry.com/products/lalita-wool-area-rug
2025-09-17 21:53:06,048 - WARNING - Failed to scrape: https://www.the-citizenry.com/products/lalita-wool-area-rug
2025-09-17 21:53:08,049 - INFO - Processing product 34/96
2025-09-17 21:53:08,050 - INFO - Scraping product: https://www.the-citizenry.com/collections/all/products/mara-organic-waffle-towels
2025-09-17 21:54:08,379 - ERROR - Failed to scrape https://www.the-citizenry.com/collections/all/products/mara-organic-waffle-towels
2025-09-17 21:54:08,381 - WARNING - Failed to scrape: https://www.the-citizenry.com/collections/all/products/mara-organic-waffle-towels
2025-09-17 21:54:10,383 - INFO - Processing product 35/96
2025-09-17 21:54:10,383 - INFO - Scraping product: https://www.the-citizenry.com/products/tikal-wood-bud-vase
2025-09-17 21:54:24,623 - INFO - Downloaded image: citizenry_data\images\Tikal_Wood_Bud_Vase.jpg
2025-09-17 21:54:24,624 - INFO - Successfully scraped: Tikal Wood Bud Vase
2025-09-17 21:54:26,625 - INFO - Processing product 36/96
2025-09-17 21:54:26,627 - INFO - Scraping product: https://www.the-citizenry.com/collections/all/products/mercado-woven-hamper
2025-09-17 21:55:27,224 - ERROR - Failed to scrape https://www.the-citizenry.com/collections/all/products/mercado-woven-hamper
2025-09-17 21:55:27,227 - WARNING - Failed to scrape: https://www.the-citizenry.com/collections/all/products/mercado-woven-hamper
2025-09-17 21:55:29,229 - INFO - Processing product 37/96
2025-09-17 21:55:29,231 - INFO - Scraping product: https://www.the-citizenry.com/products/tejal-flatweave-area-rug-multi
2025-09-17 21:55:45,595 - INFO - Downloaded image: citizenry_data\images\Tejal_Handwoven_Area_Rug.jpg
2025-09-17 21:55:45,596 - INFO - Successfully scraped: Tejal Handwoven Area Rug
2025-09-17 21:55:47,597 - INFO - Processing product 38/96
2025-09-17 21:55:47,597 - INFO - Scraping product: https://www.the-citizenry.com/collections/all/products/dhara-woven-lumbar-pillow
2025-09-17 21:56:47,929 - ERROR - Failed to scrape https://www.the-citizenry.com/collections/all/products/dhara-woven-lumbar-pillow
2025-09-17 21:56:47,929 - WARNING - Failed to scrape: https://www.the-citizenry.com/collections/all/products/dhara-woven-lumbar-pillow
2025-09-17 21:56:49,931 - INFO - Processing product 39/96
2025-09-17 21:56:49,931 - INFO - Scraping product: https://www.the-citizenry.com/products/imabari-waffle-towels
2025-09-17 21:57:50,416 - ERROR - Failed to scrape https://www.the-citizenry.com/products/imabari-waffle-towels
2025-09-17 21:57:50,417 - WARNING - Failed to scrape: https://www.the-citizenry.com/products/imabari-waffle-towels
2025-09-17 21:57:52,417 - INFO - Processing product 40/96
2025-09-17 21:57:52,419 - INFO - Scraping product: https://www.the-citizenry.com/products/mercado-storage-basket
2025-09-17 21:58:23,226 - INFO - Downloaded image: citizenry_data\images\Mercado_Storage_Baskets_Square.jpg
2025-09-17 21:58:23,228 - INFO - Successfully scraped: Mercado Storage Baskets - Square
2025-09-17 21:58:25,229 - INFO - Processing product 41/96
2025-09-17 21:58:25,230 - INFO - Scraping product: https://www.the-citizenry.com/products/azad-tall-leather-storage-bins-black
2025-09-17 21:58:38,989 - INFO - Downloaded image: citizenry_data\images\Azad_Tall_Leather_Storage_Bins_Black.jpg
2025-09-17 21:58:38,990 - INFO - Successfully scraped: Azad Tall Leather Storage Bins - Black
2025-09-17 21:58:40,991 - INFO - Processing product 42/96
2025-09-17 21:58:40,992 - INFO - Scraping product: https://www.the-citizenry.com/products/fresh-eucalyptus-wreath
2025-09-17 21:58:52,214 - INFO - Downloaded image: citizenry_data\images\Fresh_Eucalyptus_Wreath.jpg
2025-09-17 21:58:52,216 - INFO - Successfully scraped: Fresh Eucalyptus Wreath
2025-09-17 21:58:54,217 - INFO - Processing product 43/96
2025-09-17 21:58:54,218 - INFO - Scraping product: https://www.the-citizenry.com/products/hinoki-wood-floor-mirror
2025-09-17 21:59:18,348 - INFO - Downloaded image: citizenry_data\images\Hinoki_Wood_Floor_Mirror.jpg
2025-09-17 21:59:18,349 - INFO - Successfully scraped: Hinoki Wood Floor Mirror
2025-09-17 21:59:20,350 - INFO - Processing product 44/96
2025-09-17 21:59:20,350 - INFO - Scraping product: https://www.the-citizenry.com/collections/all/products/marea-ombre-pillow-indigo
2025-09-17 22:00:20,847 - ERROR - Failed to scrape https://www.the-citizenry.com/collections/all/products/marea-ombre-pillow-indigo
2025-09-17 22:00:20,848 - WARNING - Failed to scrape: https://www.the-citizenry.com/collections/all/products/marea-ombre-pillow-indigo
2025-09-17 22:00:22,849 - INFO - Processing product 45/96
2025-09-17 22:00:22,850 - INFO - Scraping product: https://www.the-citizenry.com/products/samir-handwoven-area-rug-5-x-8
2025-09-17 22:00:39,591 - INFO - Downloaded image: citizenry_data\images\Samir_Handwoven_Area_Rug_5_x_8.jpg
2025-09-17 22:00:39,592 - INFO - Successfully scraped: Samir Handwoven Area Rug - 5' x 8'
2025-09-17 22:00:41,592 - INFO - Processing product 46/96
2025-09-17 22:00:41,592 - INFO - Scraping product: https://www.the-citizenry.com/products/merapi-storage-baskets
2025-09-17 22:01:42,074 - ERROR - Failed to scrape https://www.the-citizenry.com/products/merapi-storage-baskets
2025-09-17 22:01:42,075 - WARNING - Failed to scrape: https://www.the-citizenry.com/products/merapi-storage-baskets
2025-09-17 22:01:44,077 - INFO - Processing product 47/96
2025-09-17 22:01:44,077 - INFO - Scraping product: https://www.the-citizenry.com/products/torres-square-leather-ottoman-medium-large
2025-09-17 22:02:44,601 - ERROR - Failed to scrape https://www.the-citizenry.com/products/torres-square-leather-ottoman-medium-large
2025-09-17 22:02:44,604 - WARNING - Failed to scrape: https://www.the-citizenry.com/products/torres-square-leather-ottoman-medium-large
2025-09-17 22:02:46,605 - INFO - Processing product 48/96
2025-09-17 22:02:46,606 - INFO - Scraping product: https://www.the-citizenry.com/products/mercado-storage-cube-basket
2025-09-17 22:03:03,486 - INFO - Downloaded image: citizenry_data\images\Mercado_Storage_Cube.jpg
2025-09-17 22:03:03,487 - INFO - Successfully scraped: Mercado Storage Cube
2025-09-17 22:03:05,488 - INFO - Processing product 49/96
2025-09-17 22:03:05,489 - INFO - Scraping product: https://www.the-citizenry.com/products/samir-wool-area-rug
2025-09-17 22:03:26,870 - INFO - Downloaded image: citizenry_data\images\Samir_Handwoven_Area_Rug.jpg
2025-09-17 22:03:26,871 - INFO - Successfully scraped: Samir Handwoven Area Rug
2025-09-17 22:03:28,873 - INFO - Processing product 50/96
2025-09-17 22:03:28,875 - INFO - Scraping product: https://www.the-citizenry.com/products/hinoki-wood-side-table
2025-09-17 22:04:06,830 - INFO - Downloaded image: citizenry_data\images\Hinoki_Wood_Side_Table.jpg
2025-09-17 22:04:06,832 - INFO - Successfully scraped: Hinoki Wood Side Table
2025-09-17 22:04:08,833 - INFO - Processing product 51/96
2025-09-17 22:04:08,834 - INFO - Scraping product: https://www.the-citizenry.com/products/tikal-round-wood-tray
2025-09-17 22:05:09,371 - ERROR - Failed to scrape https://www.the-citizenry.com/products/tikal-round-wood-tray
2025-09-17 22:05:09,372 - WARNING - Failed to scrape: https://www.the-citizenry.com/products/tikal-round-wood-tray
2025-09-17 22:05:11,372 - INFO - Processing product 52/96
2025-09-17 22:05:11,372 - INFO - Scraping product: https://www.the-citizenry.com/products/totora-floor-basket
2025-09-17 22:05:28,840 - INFO - Downloaded image: citizenry_data\images\Totora_Floor_Basket.jpg
2025-09-17 22:05:28,841 - INFO - Successfully scraped: Totora Floor Basket
2025-09-17 22:05:30,843 - INFO - Processing product 53/96
2025-09-17 22:05:30,843 - INFO - Scraping product: https://www.the-citizenry.com/products/padma-round-storage-basket
2025-09-17 22:05:48,472 - INFO - Downloaded image: citizenry_data\images\Padma_Round_Storage_Basket.jpg
2025-09-17 22:05:48,474 - INFO - Successfully scraped: Padma Round Storage Basket
2025-09-17 22:05:50,475 - INFO - Processing product 54/96
2025-09-17 22:05:50,475 - INFO - Scraping product: https://www.the-citizenry.com/collections/all/products/stonewashed-linen-quilt
2025-09-17 22:06:20,110 - INFO - Downloaded image: citizenry_data\images\Stonewashed_Linen_Quilt.jpg
2025-09-17 22:06:20,111 - INFO - Successfully scraped: Stonewashed Linen Quilt
2025-09-17 22:06:22,112 - INFO - Processing product 55/96
2025-09-17 22:06:22,112 - INFO - Scraping product: https://www.the-citizenry.com/products/neena-area-rug
2025-09-17 22:06:44,175 - INFO - Downloaded image: citizenry_data\images\Neena_Handwoven_Area_Rug.jpg
2025-09-17 22:06:44,176 - INFO - Successfully scraped: Neena Handwoven Area Rug
2025-09-17 22:06:46,177 - INFO - Processing product 56/96
2025-09-17 22:06:46,177 - INFO - Scraping product: https://www.the-citizenry.com/products/padma-square-storage-baskets
2025-09-17 22:07:06,943 - INFO - Downloaded image: citizenry_data\images\Padma_Square_Storage_Baskets.jpg
2025-09-17 22:07:06,945 - INFO - Successfully scraped: Padma Square Storage Baskets
2025-09-17 22:07:08,947 - INFO - Processing product 57/96
2025-09-17 22:07:08,947 - INFO - Scraping product: https://www.the-citizenry.com/collections/all/products/stonewashed-linen-euro-shams
2025-09-17 22:07:34,080 - INFO - Downloaded image: citizenry_data\images\Stonewashed_Linen_Euro_Shams.jpg
2025-09-17 22:07:34,081 - INFO - Successfully scraped: Stonewashed Linen Euro Shams
2025-09-17 22:07:36,082 - INFO - Processing product 58/96
2025-09-17 22:07:36,083 - INFO - Scraping product: https://www.the-citizenry.com/collections/all/products/naveta-velvet-small-lumbar-pillow
2025-09-17 22:07:55,810 - INFO - Downloaded image: citizenry_data\images\Naveta_Velvet_Small_Lumbar_Pillow.jpg
2025-09-17 22:07:55,812 - INFO - Successfully scraped: Naveta Velvet Small Lumbar Pillow
2025-09-17 22:07:57,814 - INFO - Processing product 59/96
2025-09-17 22:07:57,815 - INFO - Scraping product: https://www.the-citizenry.com/products/loma-table-vases
2025-09-17 22:08:58,274 - ERROR - Failed to scrape https://www.the-citizenry.com/products/loma-table-vases
2025-09-17 22:08:58,276 - WARNING - Failed to scrape: https://www.the-citizenry.com/products/loma-table-vases
2025-09-17 22:09:00,278 - INFO - Processing product 60/96
2025-09-17 22:09:00,280 - INFO - Scraping product: https://www.the-citizenry.com/products/mercado-storage-baskets-round
2025-09-17 22:09:13,484 - INFO - Downloaded image: citizenry_data\images\Mercado_Storage_Baskets_Round.jpg
2025-09-17 22:09:13,485 - INFO - Successfully scraped: Mercado Storage Baskets - Round
2025-09-17 22:09:15,485 - INFO - Processing product 61/96
2025-09-17 22:09:15,485 - INFO - Scraping product: https://www.the-citizenry.com/collections/all/products/paloma-throw
2025-09-17 22:09:35,874 - INFO - Downloaded image: citizenry_data\images\Paloma_Alpaca_Throw.jpg
2025-09-17 22:09:35,875 - INFO - Successfully scraped: Paloma Alpaca Throw
2025-09-17 22:09:37,876 - INFO - Processing product 62/96
2025-09-17 22:09:37,876 - INFO - Scraping product: https://www.the-citizenry.com/collections/all/products/hinoki-wood-bath-mat
2025-09-17 22:09:59,370 - INFO - Downloaded image: citizenry_data\images\Hinoki_Wood_Bath_Mat.jpg
2025-09-17 22:09:59,371 - INFO - Successfully scraped: Hinoki Wood Bath Mat
2025-09-17 22:10:01,373 - INFO - Processing product 63/96
2025-09-17 22:10:01,373 - INFO - Scraping product: https://www.the-citizenry.com/collections/all/products/organic-plush-bath-towels
2025-09-17 22:11:06,364 - ERROR - Failed to scrape https://www.the-citizenry.com/collections/all/products/organic-plush-bath-towels
2025-09-17 22:11:06,365 - WARNING - Failed to scrape: https://www.the-citizenry.com/collections/all/products/organic-plush-bath-towels
2025-09-17 22:11:08,366 - INFO - Processing product 64/96
2025-09-17 22:11:08,368 - INFO - Scraping product: https://www.the-citizenry.com/collections/all/products/stonewashed-linen-pillowcases
2025-09-17 22:12:08,792 - ERROR - Failed to scrape https://www.the-citizenry.com/collections/all/products/stonewashed-linen-pillowcases
2025-09-17 22:12:08,793 - WARNING - Failed to scrape: https://www.the-citizenry.com/collections/all/products/stonewashed-linen-pillowcases
2025-09-17 22:12:10,794 - INFO - Processing product 65/96
2025-09-17 22:12:10,794 - INFO - Scraping product: https://www.the-citizenry.com/collections/all/products/copper-palo-santo-holder
2025-09-17 22:12:28,347 - INFO - Downloaded image: citizenry_data\images\Copper_Palo_Santo_Set.jpg
2025-09-17 22:12:28,349 - INFO - Successfully scraped: Copper Palo Santo Set
2025-09-17 22:12:30,350 - INFO - Processing product 66/96
2025-09-17 22:12:30,351 - INFO - Scraping product: https://www.the-citizenry.com/collections/all/products/la-calle-alpaca-throw
2025-09-17 22:13:30,893 - ERROR - Failed to scrape https://www.the-citizenry.com/collections/all/products/la-calle-alpaca-throw
2025-09-17 22:13:30,894 - WARNING - Failed to scrape: https://www.the-citizenry.com/collections/all/products/la-calle-alpaca-throw
2025-09-17 22:13:32,895 - INFO - Processing product 67/96
2025-09-17 22:13:32,896 - INFO - Scraping product: https://www.the-citizenry.com/products/mercado-floor-storage-baskets-natural
2025-09-17 22:13:46,180 - INFO - Downloaded image: citizenry_data\images\Mercado_Floor_Baskets.jpg
2025-09-17 22:13:46,181 - INFO - Successfully scraped: Mercado Floor Baskets
2025-09-17 22:13:48,183 - INFO - Processing product 68/96
2025-09-17 22:13:48,184 - INFO - Scraping product: https://www.the-citizenry.com/collections/all/products/stonewashed-linen-bed-sets
2025-09-17 22:14:48,714 - ERROR - Failed to scrape https://www.the-citizenry.com/collections/all/products/stonewashed-linen-bed-sets
2025-09-17 22:14:48,721 - WARNING - Failed to scrape: https://www.the-citizenry.com/collections/all/products/stonewashed-linen-bed-sets
2025-09-17 22:14:50,723 - INFO - Processing product 69/96
2025-09-17 22:14:50,724 - INFO - Scraping product: https://www.the-citizenry.com/collections/all/products/mercado-storage-baskets-round
2025-09-17 22:15:02,563 - INFO - Downloaded image: citizenry_data\images\Mercado_Storage_Baskets_Round.jpg
2025-09-17 22:15:02,564 - INFO - Successfully scraped: Mercado Storage Baskets - Round
2025-09-17 22:15:04,566 - INFO - Processing product 70/96
2025-09-17 22:15:04,566 - INFO - Scraping product: https://www.the-citizenry.com/collections/all/products/cuadra-grey-striped-alpaca-throw
2025-09-17 22:15:28,098 - INFO - Downloaded image: citizenry_data\images\Cuadra_Alpaca_Throw.jpg
2025-09-17 22:15:28,100 - INFO - Successfully scraped: Cuadra Alpaca Throw
2025-09-17 22:15:30,102 - INFO - Processing product 71/96
2025-09-17 22:15:30,103 - INFO - Scraping product: https://www.the-citizenry.com/products/la-calle-alpaca-throw
2025-09-17 22:15:55,032 - INFO - Downloaded image: citizenry_data\images\La_Calle_Alpaca_Throw.jpg
2025-09-17 22:15:55,033 - INFO - Successfully scraped: La Calle Alpaca Throw
2025-09-17 22:15:57,034 - INFO - Processing product 72/96
2025-09-17 22:15:57,034 - INFO - Scraping product: https://www.the-citizenry.com/products/veeha-glass-candle-holders
2025-09-17 22:16:21,750 - INFO - Downloaded image: citizenry_data\images\Veeha_Glass_Candle_Holders_Set_of_2.jpg
2025-09-17 22:16:21,752 - INFO - Successfully scraped: Veeha Glass Candle Holders - Set of 2
2025-09-17 22:16:23,753 - INFO - Processing product 73/96
2025-09-17 22:16:23,753 - INFO - Scraping product: https://www.the-citizenry.com/products/beeswax-taper-candles-set-of-2
2025-09-17 22:16:36,465 - INFO - Downloaded image: citizenry_data\images\Beeswax_Taper_Candles_Set_of_2.jpg
2025-09-17 22:16:36,466 - INFO - Successfully scraped: Beeswax Taper Candles - Set of 2
2025-09-17 22:16:38,467 - INFO - Processing product 74/96
2025-09-17 22:16:38,467 - INFO - Scraping product: https://www.the-citizenry.com/collections/all/products/stonewashed-linen-sheet-sets
2025-09-17 22:17:09,315 - INFO - Downloaded image: citizenry_data\images\Stonewashed_Linen_Sheet_Set.jpg
2025-09-17 22:17:09,316 - INFO - Successfully scraped: Stonewashed Linen Sheet Set
2025-09-17 22:17:11,317 - INFO - Processing product 75/96
2025-09-17 22:17:11,317 - INFO - Scraping product: https://www.the-citizenry.com/collections/all/products/sanjay-cotton-ottoman-medium-large
2025-09-17 22:17:39,911 - INFO - Downloaded image: citizenry_data\images\Sanjay_Ottoman_Medium_Large.jpg
2025-09-17 22:17:39,911 - INFO - Successfully scraped: Sanjay Ottoman - Medium & Large
2025-09-17 22:17:41,913 - INFO - Processing product 76/96
2025-09-17 22:17:41,915 - INFO - Scraping product: https://www.the-citizenry.com/products/eshana-sandstone-candle-holders
2025-09-17 22:18:08,824 - INFO - Downloaded image: citizenry_data\images\Eshana_Sandstone_Candle_Holders_Set_of_2.jpg
2025-09-17 22:18:08,826 - INFO - Successfully scraped: Eshana Sandstone Candle Holders - Set of 2
2025-09-17 22:18:10,827 - INFO - Processing product 77/96
2025-09-17 22:18:10,827 - INFO - Scraping product: https://www.the-citizenry.com/collections/all/products/organic-turkish-cotton-sheet-set
2025-09-17 22:18:36,402 - INFO - Downloaded image: citizenry_data\images\Organic_Resort_Cotton_Sheet_Set.jpg
2025-09-17 22:18:36,403 - INFO - Successfully scraped: Organic Resort Cotton Sheet Set
2025-09-17 22:18:38,404 - INFO - Processing product 78/96
2025-09-17 22:18:38,404 - INFO - Scraping product: https://www.the-citizenry.com/products/azad-tall-leather-storage-bins
2025-09-17 22:19:37,680 - INFO - Downloaded image: citizenry_data\images\Azad_Tall_Leather_Storage_Bins.jpg
2025-09-17 22:19:37,681 - INFO - Successfully scraped: Azad Tall Leather Storage Bins
2025-09-17 22:19:39,683 - INFO - Processing product 79/96
2025-09-17 22:19:39,684 - INFO - Scraping product: https://www.the-citizenry.com/collections/all/products/merapi-storage-baskets
2025-09-17 22:19:51,412 - INFO - Downloaded image: citizenry_data\images\Merapi_Storage_Baskets.jpg
2025-09-17 22:19:51,413 - INFO - Successfully scraped: Merapi Storage Baskets
2025-09-17 22:19:53,414 - INFO - Processing product 80/96
2025-09-17 22:19:53,415 - INFO - Scraping product: https://www.the-citizenry.com/products/stonewashed-linen-duvet-covers
2025-09-17 22:20:54,303 - ERROR - Failed to scrape https://www.the-citizenry.com/products/stonewashed-linen-duvet-covers
2025-09-17 22:20:54,306 - WARNING - Failed to scrape: https://www.the-citizenry.com/products/stonewashed-linen-duvet-covers
2025-09-17 22:20:56,309 - INFO - Processing product 81/96
2025-09-17 22:20:56,309 - INFO - Scraping product: https://www.the-citizenry.com/collections/all/products/rug-pad
2025-09-17 22:21:12,157 - INFO - Downloaded image: citizenry_data\images\Eco_Friendly_Rug_Pad.jpg
2025-09-17 22:21:12,158 - INFO - Successfully scraped: Eco-Friendly Rug Pad
2025-09-17 22:21:14,159 - INFO - Processing product 82/96
2025-09-17 22:21:14,159 - INFO - Scraping product: https://www.the-citizenry.com/products/terranova-vase
2025-09-17 22:22:14,642 - ERROR - Failed to scrape https://www.the-citizenry.com/products/terranova-vase
2025-09-17 22:22:14,645 - WARNING - Failed to scrape: https://www.the-citizenry.com/products/terranova-vase
2025-09-17 22:22:16,647 - INFO - Processing product 83/96
2025-09-17 22:22:16,647 - INFO - Scraping product: https://www.the-citizenry.com/products/faliza-vase
2025-09-17 22:23:17,116 - ERROR - Failed to scrape https://www.the-citizenry.com/products/faliza-vase
2025-09-17 22:23:17,117 - WARNING - Failed to scrape: https://www.the-citizenry.com/products/faliza-vase
2025-09-17 22:23:19,118 - INFO - Processing product 84/96
2025-09-17 22:23:19,118 - INFO - Scraping product: https://www.the-citizenry.com/collections/all/products/arya-linen-bed-blanket
2025-09-17 22:23:35,059 - INFO - Downloaded image: citizenry_data\images\Arya_Linen_Bed_Blanket.jpg
2025-09-17 22:23:35,060 - INFO - Successfully scraped: Arya Linen Bed Blanket
2025-09-17 22:23:37,062 - INFO - Processing product 85/96
2025-09-17 22:23:37,062 - INFO - Scraping product: https://www.the-citizenry.com/collections/all/products/organic-stonewashed-percale-swatches
2025-09-17 22:23:55,925 - INFO - Downloaded image: citizenry_data\images\Stonewashed_Organic_Cotton_Percale_Swatches.jpg
2025-09-17 22:23:55,926 - INFO - Successfully scraped: Stonewashed Organic Cotton Percale Swatches
2025-09-17 22:23:57,927 - INFO - Processing product 86/96
2025-09-17 22:23:57,928 - INFO - Scraping product: https://www.the-citizenry.com/collections/all/products/san-cristobal-brass-wall-hanging
2025-09-17 22:24:58,416 - ERROR - Failed to scrape https://www.the-citizenry.com/collections/all/products/san-cristobal-brass-wall-hanging
2025-09-17 22:24:58,419 - WARNING - Failed to scrape: https://www.the-citizenry.com/collections/all/products/san-cristobal-brass-wall-hanging
2025-09-17 22:25:00,421 - INFO - Processing product 87/96
2025-09-17 22:25:00,422 - INFO - Scraping product: https://www.the-citizenry.com/products/la-calle-alpaca-throw-2
2025-09-17 22:25:16,885 - INFO - Downloaded image: citizenry_data\images\La_Calle_Alpaca_Throw.jpg
2025-09-17 22:25:16,886 - INFO - Successfully scraped: La Calle Alpaca Throw
2025-09-17 22:25:18,887 - INFO - Processing product 88/96
2025-09-17 22:25:18,889 - INFO - Scraping product: https://www.the-citizenry.com/products/eshana-sandstone-tray
2025-09-17 22:26:19,228 - ERROR - Failed to scrape https://www.the-citizenry.com/products/eshana-sandstone-tray
2025-09-17 22:26:19,229 - WARNING - Failed to scrape: https://www.the-citizenry.com/products/eshana-sandstone-tray
2025-09-17 22:26:21,230 - INFO - Processing product 89/96
2025-09-17 22:26:21,230 - INFO - Scraping product: https://www.the-citizenry.com/collections/all/products/stonewashed-linen-fitted-sheet
2025-09-17 22:27:21,726 - ERROR - Failed to scrape https://www.the-citizenry.com/collections/all/products/stonewashed-linen-fitted-sheet
2025-09-17 22:27:21,730 - WARNING - Failed to scrape: https://www.the-citizenry.com/collections/all/products/stonewashed-linen-fitted-sheet
2025-09-17 22:27:23,733 - INFO - Processing product 90/96
2025-09-17 22:27:23,735 - INFO - Scraping product: https://www.the-citizenry.com/products/fresh-olive-garland
2025-09-17 22:27:45,088 - INFO - Downloaded image: citizenry_data\images\Fresh_Olive_Garland_6_ft.jpg
2025-09-17 22:27:45,386 - INFO - Successfully scraped: Fresh Olive Garland - 6 ft
2025-09-17 22:27:47,388 - INFO - Processing product 91/96
2025-09-17 22:27:47,388 - INFO - Scraping product: https://www.the-citizenry.com/products/prisha-linen-pillow
2025-09-17 22:28:47,843 - ERROR - Failed to scrape https://www.the-citizenry.com/products/prisha-linen-pillow
2025-09-17 22:28:47,844 - WARNING - Failed to scrape: https://www.the-citizenry.com/products/prisha-linen-pillow
2025-09-17 22:28:49,845 - INFO - Processing product 92/96
2025-09-17 22:28:49,845 - INFO - Scraping product: https://www.the-citizenry.com/collections/all/products/cotton-velvet-upholstery-swatches
2025-09-17 22:29:05,627 - INFO - Downloaded image: citizenry_data\images\Cotton_Velvet_Upholstery_Swatches.jpg
2025-09-17 22:29:05,628 - INFO - Successfully scraped: Cotton Velvet Upholstery Swatches
2025-09-17 22:29:07,630 - INFO - Processing product 93/96
2025-09-17 22:29:07,630 - INFO - Scraping product: https://www.the-citizenry.com/products/vallarta-vase
2025-09-17 22:29:28,106 - INFO - Downloaded image: citizenry_data\images\Vallarta_Vase.jpg
2025-09-17 22:29:28,107 - INFO - Successfully scraped: Vallarta Vase
2025-09-17 22:29:30,108 - INFO - Processing product 94/96
2025-09-17 22:29:30,108 - INFO - Scraping product: https://www.the-citizenry.com/products/torres-leather-ottoman-multiple-sizes
2025-09-17 22:30:30,581 - ERROR - Failed to scrape https://www.the-citizenry.com/products/torres-leather-ottoman-multiple-sizes
2025-09-17 22:30:30,581 - WARNING - Failed to scrape: https://www.the-citizenry.com/products/torres-leather-ottoman-multiple-sizes
2025-09-17 22:30:32,583 - INFO - Processing product 95/96
2025-09-17 22:30:32,583 - INFO - Scraping product: https://www.the-citizenry.com/collections/all/products/prisha-linen-lumbar-pillow
2025-09-17 22:31:33,221 - ERROR - Failed to scrape https://www.the-citizenry.com/collections/all/products/prisha-linen-lumbar-pillow
2025-09-17 22:31:33,222 - WARNING - Failed to scrape: https://www.the-citizenry.com/collections/all/products/prisha-linen-lumbar-pillow
2025-09-17 22:31:35,224 - INFO - Processing product 96/96
2025-09-17 22:31:35,225 - INFO - Scraping product: https://www.the-citizenry.com/collections/all/products/mercado-floor-storage-baskets-natural
2025-09-17 22:31:49,313 - INFO - Downloaded image: citizenry_data\images\Mercado_Floor_Baskets.jpg
2025-09-17 22:31:49,314 - INFO - Successfully scraped: Mercado Floor Baskets
2025-09-17 22:31:51,349 - INFO - Saved 56 products to citizenry_data\citizenry_products_20250917_223151.csv
2025-09-17 22:31:51,359 - INFO - Scraping completed. Success: 56, Failed: 40
2025-09-17 22:31:51,360 - INFO - Results saved to citizenry_products_20250917_223151.csv and citizenry_products_detailed_20250917_223151.json
